Using pre-set license
Built from '2020.3/staging' branch; Version is '2020.3.0f1 (c7b5465681fb) revision 13088070'; Using compiler version '192528614'; Build Type 'Release'
OS: 'Windows 10 Home; OS build 19042.867; Version 2009; 64bit' Language: 'ja' Physical Memory: 16217 MB
BatchMode: 1, IsHumanControllingUs: 0, StartBugReporterOnCrash: 0, Is64bit: 1, IsPro: 0

 COMMAND LINE ARGUMENTS:
C:\Program Files\Unity\Hub\Editor\2020.3.0f1\Editor\Unity.exe
-adb2
-batchMode
-noUpm
-name
AssetImportWorker0
-projectPath
C:/Users/sayoi/Documents/Unity/YouTube Status
-logFile
Logs/AssetImportWorker0.log
-srvPort
59205
Successfully changed project path to: C:/Users/sayoi/Documents/Unity/YouTube Status
C:/Users/sayoi/Documents/Unity/YouTube Status
Using Asset Import Pipeline V2.
Refreshing native plugins compatible for Editor in 60.25 ms, found 2 plugins.
Preloading 0 native plugins for Editor in 0.00 ms.
Initialize engine version: 2020.3.0f1 (c7b5465681fb)
[Subsystems] Discovering subsystems at path C:/Program Files/Unity/Hub/Editor/2020.3.0f1/Editor/Data/Resources/UnitySubsystems
[Subsystems] Discovering subsystems at path C:/Users/sayoi/Documents/Unity/YouTube Status/Assets
GfxDevice: creating device client; threaded=0
Direct3D:
    Version:  Direct3D 11.0 [level 11.1]
    Renderer: NVIDIA GeForce GTX 1650 with Max-Q Design (ID=0x1f91)
    Vendor:   
    VRAM:     3964 MB
    Driver:   27.21.14.5206
Initialize mono
Mono path[0] = 'C:/Program Files/Unity/Hub/Editor/2020.3.0f1/Editor/Data/Managed'
Mono path[1] = 'C:/Program Files/Unity/Hub/Editor/2020.3.0f1/Editor/Data/MonoBleedingEdge/lib/mono/unityjit'
Mono config path = 'C:/Program Files/Unity/Hub/Editor/2020.3.0f1/Editor/Data/MonoBleedingEdge/etc'
Using monoOptions --debugger-agent=transport=dt_socket,embedding=1,server=y,suspend=n,address=127.0.0.1:56184
Begin MonoManager ReloadAssembly
Registering precompiled unity dll's ...
Register platform support module: C:/Program Files/Unity/Hub/Editor/2020.3.0f1/Editor/Data/PlaybackEngines/WindowsStandaloneSupport/UnityEditor.WindowsStandalone.Extensions.dll
Registered in 0.005995 seconds.
Native extension for WindowsStandalone target not found
Refreshing native plugins compatible for Editor in 68.90 ms, found 2 plugins.
Preloading 0 native plugins for Editor in 0.00 ms.
Invoked RoslynAnalysisRunner static constructor.
RoslynAnalysisRunner will not be running.
RoslynAnalysisRunner has terminated.
Mono: successfully reloaded assembly
- Completed reload, in  2.146 seconds
Platform modules already initialized, skipping
Registering precompiled user dll's ...
Registered in 0.049281 seconds.
Begin MonoManager ReloadAssembly
Native extension for WindowsStandalone target not found
Refreshing native plugins compatible for Editor in 39.19 ms, found 2 plugins.
Preloading 0 native plugins for Editor in 0.00 ms.
Invoked RoslynAnalysisRunner static constructor.
RoslynAnalysisRunner will not be running.
RoslynAnalysisRunner has terminated.
Mono: successfully reloaded assembly
- Completed reload, in  1.312 seconds
Platform modules already initialized, skipping
========================================================================
Worker process is ready to serve import requests
Launched and connected shader compiler UnityShaderCompiler.exe after 0.08 seconds
Refreshing native plugins compatible for Editor in 1.80 ms, found 2 plugins.
Preloading 0 native plugins for Editor in 0.00 ms.
Unloading 1829 Unused Serialized files (Serialized files now loaded: 0)
System memory in use before: 88.0 MB.
System memory in use after: 88.0 MB.

Unloading 34 unused Assets to reduce memory usage. Loaded Objects now: 2262.
Total: 3.546300 ms (FindLiveObjects: 0.663500 ms CreateObjectMapping: 0.297100 ms MarkObjects: 2.409900 ms  DeleteObjects: 0.173400 ms)

========================================================================
Received Import Request.
  path: Assets/Script/ExtensionMS.cs
  artifactKey: Guid(e92e83ab2e86c6c438ab762765070e57) Importer(815301076,1909f56bfc062723c751e8b465ee728b)
Start importing Assets/Script/ExtensionMS.cs using Guid(e92e83ab2e86c6c438ab762765070e57) Importer(815301076,1909f56bfc062723c751e8b465ee728b)  -> (artifact id: 'dcbaa311ea2d3f1750c1b26c4d73f91d') in 0.040837 seconds
  Import took 0.049164 seconds .

========================================================================
Received Prepare
Registering precompiled user dll's ...
Registered in 0.019963 seconds.
Begin MonoManager ReloadAssembly
Native extension for WindowsStandalone target not found
Refreshing native plugins compatible for Editor in 1.59 ms, found 2 plugins.
Preloading 0 native plugins for Editor in 0.00 ms.
Invoked RoslynAnalysisRunner static constructor.
RoslynAnalysisRunner will not be running.
RoslynAnalysisRunner has terminated.
Mono: successfully reloaded assembly
- Completed reload, in  1.034 seconds
Platform modules already initialized, skipping
Refreshing native plugins compatible for Editor in 0.52 ms, found 2 plugins.
Preloading 0 native plugins for Editor in 0.00 ms.
Unloading 1824 Unused Serialized files (Serialized files now loaded: 0)
System memory in use before: 88.0 MB.
System memory in use after: 88.0 MB.

Unloading 22 unused Assets to reduce memory usage. Loaded Objects now: 2266.
Total: 2.998100 ms (FindLiveObjects: 0.390700 ms CreateObjectMapping: 0.078900 ms MarkObjects: 2.427200 ms  DeleteObjects: 0.098500 ms)

========================================================================
Received Import Request.
  Time since last request: 145.680712 seconds.
  path: Assets/Script/ExtensionMS.cs
  artifactKey: Guid(e92e83ab2e86c6c438ab762765070e57) Importer(815301076,1909f56bfc062723c751e8b465ee728b)
Start importing Assets/Script/ExtensionMS.cs using Guid(e92e83ab2e86c6c438ab762765070e57) Importer(815301076,1909f56bfc062723c751e8b465ee728b)  -> (artifact id: '89e393dee643eab69ab6d69948bebb09') in 0.009995 seconds
  Import took 0.013847 seconds .

========================================================================
Received Prepare
Registering precompiled user dll's ...
Registered in 0.014683 seconds.
Begin MonoManager ReloadAssembly
Native extension for WindowsStandalone target not found
Refreshing native plugins compatible for Editor in 0.47 ms, found 2 plugins.
Preloading 0 native plugins for Editor in 0.00 ms.
Invoked RoslynAnalysisRunner static constructor.
RoslynAnalysisRunner will not be running.
RoslynAnalysisRunner has terminated.
Mono: successfully reloaded assembly
- Completed reload, in  0.962 seconds
Platform modules already initialized, skipping
Refreshing native plugins compatible for Editor in 0.71 ms, found 2 plugins.
Preloading 0 native plugins for Editor in 0.00 ms.
Unloading 1824 Unused Serialized files (Serialized files now loaded: 0)
System memory in use before: 88.0 MB.
System memory in use after: 88.0 MB.

Unloading 22 unused Assets to reduce memory usage. Loaded Objects now: 2270.
Total: 4.220200 ms (FindLiveObjects: 0.724800 ms CreateObjectMapping: 0.279700 ms MarkObjects: 3.101200 ms  DeleteObjects: 0.110900 ms)

========================================================================
Received Import Request.
  Time since last request: 352.545521 seconds.
  path: Assets/Script/NewBehaviourScript.cs
  artifactKey: Guid(7ad89d73701aff54e89eef2ff88db2c4) Importer(815301076,1909f56bfc062723c751e8b465ee728b)
Start importing Assets/Script/NewBehaviourScript.cs using Guid(7ad89d73701aff54e89eef2ff88db2c4) Importer(815301076,1909f56bfc062723c751e8b465ee728b)  -> (artifact id: 'c3171da0db9b4db00f94444f211d68f5') in 0.010022 seconds
  Import took 0.014547 seconds .

========================================================================
Received Import Request.
  Time since last request: 0.004549 seconds.
  path: Assets/Script/NewBehaviourScript.cs
  artifactKey: Guid(7ad89d73701aff54e89eef2ff88db2c4) Importer(815301076,1909f56bfc062723c751e8b465ee728b)
Start importing Assets/Script/NewBehaviourScript.cs using Guid(7ad89d73701aff54e89eef2ff88db2c4) Importer(815301076,1909f56bfc062723c751e8b465ee728b)  -> (artifact id: 'c3171da0db9b4db00f94444f211d68f5') in 0.011201 seconds
  Import took 0.014567 seconds .

========================================================================
Received Import Request.
  Time since last request: 1.800967 seconds.
  path: Assets/Script/ExtensionMS.cs
  artifactKey: Guid(e92e83ab2e86c6c438ab762765070e57) Importer(815301076,1909f56bfc062723c751e8b465ee728b)
Start importing Assets/Script/ExtensionMS.cs using Guid(e92e83ab2e86c6c438ab762765070e57) Importer(815301076,1909f56bfc062723c751e8b465ee728b)  -> (artifact id: '7a2386fe8974af0da643cce40e6ae57e') in 0.009612 seconds
  Import took 0.012966 seconds .

========================================================================
Received Import Request.
  Time since last request: 0.002724 seconds.
  path: Assets/Script/ExtensionMS.cs
  artifactKey: Guid(e92e83ab2e86c6c438ab762765070e57) Importer(815301076,1909f56bfc062723c751e8b465ee728b)
Start importing Assets/Script/ExtensionMS.cs using Guid(e92e83ab2e86c6c438ab762765070e57) Importer(815301076,1909f56bfc062723c751e8b465ee728b)  -> (artifact id: '7a2386fe8974af0da643cce40e6ae57e') in 0.008326 seconds
  Import took 0.011966 seconds .

========================================================================
Received Prepare
Registering precompiled user dll's ...
Registered in 0.015329 seconds.
Begin MonoManager ReloadAssembly
Native extension for WindowsStandalone target not found
Refreshing native plugins compatible for Editor in 0.49 ms, found 2 plugins.
Preloading 0 native plugins for Editor in 0.00 ms.
Invoked RoslynAnalysisRunner static constructor.
RoslynAnalysisRunner will not be running.
RoslynAnalysisRunner has terminated.
Mono: successfully reloaded assembly
- Completed reload, in  0.984 seconds
Platform modules already initialized, skipping
Refreshing native plugins compatible for Editor in 0.40 ms, found 2 plugins.
Preloading 0 native plugins for Editor in 0.00 ms.
Unloading 1823 Unused Serialized files (Serialized files now loaded: 0)
System memory in use before: 88.1 MB.
System memory in use after: 88.0 MB.

Unloading 23 unused Assets to reduce memory usage. Loaded Objects now: 2273.
Total: 2.444300 ms (FindLiveObjects: 0.322500 ms CreateObjectMapping: 0.152800 ms MarkObjects: 1.852600 ms  DeleteObjects: 0.113700 ms)

========================================================================
Received Import Request.
  Time since last request: 20.437889 seconds.
  path: Assets/Script/ExtensionMS.cs
  artifactKey: Guid(e92e83ab2e86c6c438ab762765070e57) Importer(815301076,1909f56bfc062723c751e8b465ee728b)
Start importing Assets/Script/ExtensionMS.cs using Guid(e92e83ab2e86c6c438ab762765070e57) Importer(815301076,1909f56bfc062723c751e8b465ee728b)  -> (artifact id: '1ab27cb3446474638692636f4823160a') in 0.011701 seconds
  Import took 0.015192 seconds .

========================================================================
Received Import Request.
  Time since last request: 0.045762 seconds.
  path: Assets/Script/ExtensionMS.cs
  artifactKey: Guid(e92e83ab2e86c6c438ab762765070e57) Importer(815301076,1909f56bfc062723c751e8b465ee728b)
Start importing Assets/Script/ExtensionMS.cs using Guid(e92e83ab2e86c6c438ab762765070e57) Importer(815301076,1909f56bfc062723c751e8b465ee728b)  -> (artifact id: '1ab27cb3446474638692636f4823160a') in 0.009765 seconds
  Import took 0.014259 seconds .

========================================================================
Received Prepare
Registering precompiled user dll's ...
Registered in 0.012880 seconds.
Begin MonoManager ReloadAssembly
Native extension for WindowsStandalone target not found
Refreshing native plugins compatible for Editor in 0.54 ms, found 2 plugins.
Preloading 0 native plugins for Editor in 0.00 ms.
Invoked RoslynAnalysisRunner static constructor.
RoslynAnalysisRunner will not be running.
RoslynAnalysisRunner has terminated.
Mono: successfully reloaded assembly
- Completed reload, in  0.996 seconds
Platform modules already initialized, skipping
Refreshing native plugins compatible for Editor in 0.54 ms, found 2 plugins.
Preloading 0 native plugins for Editor in 0.00 ms.
Unloading 1823 Unused Serialized files (Serialized files now loaded: 0)
System memory in use before: 88.1 MB.
System memory in use after: 88.1 MB.

Unloading 22 unused Assets to reduce memory usage. Loaded Objects now: 2277.
Total: 5.395600 ms (FindLiveObjects: 0.717600 ms CreateObjectMapping: 0.284900 ms MarkObjects: 4.220200 ms  DeleteObjects: 0.168700 ms)

========================================================================
Received Prepare
Registering precompiled user dll's ...
Registered in 0.015953 seconds.
Begin MonoManager ReloadAssembly
Native extension for WindowsStandalone target not found
Refreshing native plugins compatible for Editor in 0.67 ms, found 2 plugins.
Preloading 0 native plugins for Editor in 0.00 ms.
Invoked RoslynAnalysisRunner static constructor.
RoslynAnalysisRunner will not be running.
RoslynAnalysisRunner has terminated.
Mono: successfully reloaded assembly
- Completed reload, in  1.507 seconds
Platform modules already initialized, skipping
Refreshing native plugins compatible for Editor in 0.64 ms, found 2 plugins.
Preloading 0 native plugins for Editor in 0.00 ms.
Unloading 1823 Unused Serialized files (Serialized files now loaded: 0)
System memory in use before: 88.1 MB.
System memory in use after: 88.0 MB.

Unloading 22 unused Assets to reduce memory usage. Loaded Objects now: 2281.
Total: 4.832300 ms (FindLiveObjects: 0.907800 ms CreateObjectMapping: 0.290500 ms MarkObjects: 3.397000 ms  DeleteObjects: 0.231300 ms)

========================================================================
Received Prepare
Registering precompiled user dll's ...
Registered in 0.015386 seconds.
Begin MonoManager ReloadAssembly
Native extension for WindowsStandalone target not found
Refreshing native plugins compatible for Editor in 0.65 ms, found 2 plugins.
Preloading 0 native plugins for Editor in 0.00 ms.
Invoked RoslynAnalysisRunner static constructor.
RoslynAnalysisRunner will not be running.
RoslynAnalysisRunner has terminated.
Mono: successfully reloaded assembly
- Completed reload, in  1.056 seconds
Platform modules already initialized, skipping
Refreshing native plugins compatible for Editor in 0.48 ms, found 2 plugins.
Preloading 0 native plugins for Editor in 0.00 ms.
Unloading 1823 Unused Serialized files (Serialized files now loaded: 0)
System memory in use before: 88.1 MB.
System memory in use after: 88.1 MB.

Unloading 22 unused Assets to reduce memory usage. Loaded Objects now: 2285.
Total: 4.811800 ms (FindLiveObjects: 0.974100 ms CreateObjectMapping: 0.471300 ms MarkObjects: 3.229800 ms  DeleteObjects: 0.134200 ms)

========================================================================
Received Prepare
Registering precompiled user dll's ...
Registered in 0.013134 seconds.
Begin MonoManager ReloadAssembly
Native extension for WindowsStandalone target not found
Refreshing native plugins compatible for Editor in 0.41 ms, found 2 plugins.
Preloading 0 native plugins for Editor in 0.00 ms.
Invoked RoslynAnalysisRunner static constructor.
RoslynAnalysisRunner will not be running.
RoslynAnalysisRunner has terminated.
Mono: successfully reloaded assembly
- Completed reload, in  1.074 seconds
Platform modules already initialized, skipping
Refreshing native plugins compatible for Editor in 0.42 ms, found 2 plugins.
Preloading 0 native plugins for Editor in 0.00 ms.
Unloading 1823 Unused Serialized files (Serialized files now loaded: 0)
System memory in use before: 88.1 MB.
System memory in use after: 88.1 MB.

Unloading 22 unused Assets to reduce memory usage. Loaded Objects now: 2289.
Total: 3.399300 ms (FindLiveObjects: 0.852900 ms CreateObjectMapping: 0.251900 ms MarkObjects: 2.165000 ms  DeleteObjects: 0.125900 ms)

========================================================================
Received Prepare
Registering precompiled user dll's ...
Registered in 0.013812 seconds.
Begin MonoManager ReloadAssembly
Native extension for WindowsStandalone target not found
Refreshing native plugins compatible for Editor in 0.47 ms, found 2 plugins.
Preloading 0 native plugins for Editor in 0.00 ms.
Invoked RoslynAnalysisRunner static constructor.
RoslynAnalysisRunner will not be running.
RoslynAnalysisRunner has terminated.
Mono: successfully reloaded assembly
- Completed reload, in  0.968 seconds
Platform modules already initialized, skipping
Refreshing native plugins compatible for Editor in 0.46 ms, found 2 plugins.
Preloading 0 native plugins for Editor in 0.00 ms.
Unloading 1823 Unused Serialized files (Serialized files now loaded: 0)
System memory in use before: 88.1 MB.
System memory in use after: 88.1 MB.

Unloading 22 unused Assets to reduce memory usage. Loaded Objects now: 2293.
Total: 4.835600 ms (FindLiveObjects: 0.541100 ms CreateObjectMapping: 0.251100 ms MarkObjects: 3.886500 ms  DeleteObjects: 0.152700 ms)

========================================================================
Received Prepare
Registering precompiled user dll's ...
Registered in 0.017398 seconds.
Begin MonoManager ReloadAssembly
Native extension for WindowsStandalone target not found
Refreshing native plugins compatible for Editor in 0.41 ms, found 2 plugins.
Preloading 0 native plugins for Editor in 0.00 ms.
Invoked RoslynAnalysisRunner static constructor.
RoslynAnalysisRunner will not be running.
RoslynAnalysisRunner has terminated.
Mono: successfully reloaded assembly
- Completed reload, in  0.994 seconds
Platform modules already initialized, skipping
Refreshing native plugins compatible for Editor in 0.40 ms, found 2 plugins.
Preloading 0 native plugins for Editor in 0.00 ms.
Unloading 1823 Unused Serialized files (Serialized files now loaded: 0)
System memory in use before: 88.1 MB.
System memory in use after: 88.1 MB.

Unloading 22 unused Assets to reduce memory usage. Loaded Objects now: 2297.
Total: 3.660500 ms (FindLiveObjects: 0.615500 ms CreateObjectMapping: 0.098300 ms MarkObjects: 2.823100 ms  DeleteObjects: 0.118600 ms)

========================================================================
Received Import Request.
  Time since last request: 1644.087724 seconds.
  path: Assets/Script/DirectoryUtils.cs
  artifactKey: Guid(a34966778a434604e9dac3d28903ad1e) Importer(815301076,1909f56bfc062723c751e8b465ee728b)
Start importing Assets/Script/DirectoryUtils.cs using Guid(a34966778a434604e9dac3d28903ad1e) Importer(815301076,1909f56bfc062723c751e8b465ee728b)  -> (artifact id: '91656c9f6d89cd59a5d4364fb0bc2929') in 0.014013 seconds
  Import took 0.017355 seconds .

========================================================================
Received Import Request.
  Time since last request: 0.000955 seconds.
  path: Assets/Script/DirectoryUtils.cs
  artifactKey: Guid(a34966778a434604e9dac3d28903ad1e) Importer(815301076,1909f56bfc062723c751e8b465ee728b)
Start importing Assets/Script/DirectoryUtils.cs using Guid(a34966778a434604e9dac3d28903ad1e) Importer(815301076,1909f56bfc062723c751e8b465ee728b)  -> (artifact id: '91656c9f6d89cd59a5d4364fb0bc2929') in 0.010361 seconds
  Import took 0.013218 seconds .

========================================================================
Received Prepare
Registering precompiled user dll's ...
Registered in 0.020602 seconds.
Begin MonoManager ReloadAssembly
Native extension for WindowsStandalone target not found
Refreshing native plugins compatible for Editor in 0.80 ms, found 2 plugins.
Preloading 0 native plugins for Editor in 0.00 ms.
Invoked RoslynAnalysisRunner static constructor.
RoslynAnalysisRunner will not be running.
RoslynAnalysisRunner has terminated.
Mono: successfully reloaded assembly
- Completed reload, in  1.204 seconds
Platform modules already initialized, skipping
Refreshing native plugins compatible for Editor in 0.44 ms, found 2 plugins.
Preloading 0 native plugins for Editor in 0.00 ms.
Unloading 1824 Unused Serialized files (Serialized files now loaded: 0)
System memory in use before: 88.1 MB.
System memory in use after: 88.1 MB.

Unloading 22 unused Assets to reduce memory usage. Loaded Objects now: 2302.
Total: 2.658200 ms (FindLiveObjects: 0.328200 ms CreateObjectMapping: 0.093300 ms MarkObjects: 2.119300 ms  DeleteObjects: 0.115300 ms)

========================================================================
Received Import Request.
  Time since last request: 38.644783 seconds.
  path: Assets/Script/DirectoryUtils.cs
  artifactKey: Guid(a34966778a434604e9dac3d28903ad1e) Importer(815301076,1909f56bfc062723c751e8b465ee728b)
Start importing Assets/Script/DirectoryUtils.cs using Guid(a34966778a434604e9dac3d28903ad1e) Importer(815301076,1909f56bfc062723c751e8b465ee728b)  -> (artifact id: '739617e23625d1e526bac8a195747f0f') in 0.012791 seconds
  Import took 0.015958 seconds .

========================================================================
Received Import Request.
  Time since last request: 0.059927 seconds.
  path: Assets/Script/DirectoryUtils.cs
  artifactKey: Guid(a34966778a434604e9dac3d28903ad1e) Importer(815301076,1909f56bfc062723c751e8b465ee728b)
Start importing Assets/Script/DirectoryUtils.cs using Guid(a34966778a434604e9dac3d28903ad1e) Importer(815301076,1909f56bfc062723c751e8b465ee728b)  -> (artifact id: '739617e23625d1e526bac8a195747f0f') in 0.009980 seconds
  Import took 0.012875 seconds .

========================================================================
Received Prepare
Registering precompiled user dll's ...
Registered in 0.018274 seconds.
Begin MonoManager ReloadAssembly
Native extension for WindowsStandalone target not found
Refreshing native plugins compatible for Editor in 0.46 ms, found 2 plugins.
Preloading 0 native plugins for Editor in 0.00 ms.
Invoked RoslynAnalysisRunner static constructor.
RoslynAnalysisRunner will not be running.
RoslynAnalysisRunner has terminated.
Mono: successfully reloaded assembly
- Completed reload, in  0.989 seconds
Platform modules already initialized, skipping
Refreshing native plugins compatible for Editor in 0.40 ms, found 2 plugins.
Preloading 0 native plugins for Editor in 0.00 ms.
Unloading 1824 Unused Serialized files (Serialized files now loaded: 0)
System memory in use before: 88.1 MB.
System memory in use after: 88.1 MB.

Unloading 22 unused Assets to reduce memory usage. Loaded Objects now: 2306.
Total: 2.961000 ms (FindLiveObjects: 0.328200 ms CreateObjectMapping: 0.085900 ms MarkObjects: 2.422100 ms  DeleteObjects: 0.123100 ms)

========================================================================
Received Prepare
Registering precompiled user dll's ...
Registered in 0.013405 seconds.
Begin MonoManager ReloadAssembly
Native extension for WindowsStandalone target not found
Refreshing native plugins compatible for Editor in 0.47 ms, found 2 plugins.
Preloading 0 native plugins for Editor in 0.00 ms.
Invoked RoslynAnalysisRunner static constructor.
RoslynAnalysisRunner will not be running.
RoslynAnalysisRunner has terminated.
Mono: successfully reloaded assembly
- Completed reload, in  0.956 seconds
Platform modules already initialized, skipping
Refreshing native plugins compatible for Editor in 1.34 ms, found 2 plugins.
Preloading 0 native plugins for Editor in 0.00 ms.
Unloading 1824 Unused Serialized files (Serialized files now loaded: 0)
System memory in use before: 88.1 MB.
System memory in use after: 88.1 MB.

Unloading 22 unused Assets to reduce memory usage. Loaded Objects now: 2310.
Total: 3.366900 ms (FindLiveObjects: 0.477800 ms CreateObjectMapping: 0.144500 ms MarkObjects: 2.546800 ms  DeleteObjects: 0.194900 ms)

========================================================================
Received Prepare
Registering precompiled user dll's ...
Registered in 0.015874 seconds.
Begin MonoManager ReloadAssembly
Native extension for WindowsStandalone target not found
Refreshing native plugins compatible for Editor in 0.43 ms, found 2 plugins.
Preloading 0 native plugins for Editor in 0.00 ms.
Invoked RoslynAnalysisRunner static constructor.
RoslynAnalysisRunner will not be running.
RoslynAnalysisRunner has terminated.
Mono: successfully reloaded assembly
- Completed reload, in  0.939 seconds
Platform modules already initialized, skipping
Refreshing native plugins compatible for Editor in 0.96 ms, found 2 plugins.
Preloading 0 native plugins for Editor in 0.00 ms.
Unloading 1824 Unused Serialized files (Serialized files now loaded: 0)
System memory in use before: 88.1 MB.
System memory in use after: 88.1 MB.

Unloading 22 unused Assets to reduce memory usage. Loaded Objects now: 2314.
Total: 2.441700 ms (FindLiveObjects: 0.295800 ms CreateObjectMapping: 0.091600 ms MarkObjects: 1.934800 ms  DeleteObjects: 0.118200 ms)

========================================================================
Received Prepare
Registering precompiled user dll's ...
Registered in 0.018216 seconds.
Begin MonoManager ReloadAssembly
Native extension for WindowsStandalone target not found
Refreshing native plugins compatible for Editor in 0.43 ms, found 2 plugins.
Preloading 0 native plugins for Editor in 0.00 ms.
Invoked RoslynAnalysisRunner static constructor.
RoslynAnalysisRunner will not be running.
RoslynAnalysisRunner has terminated.
Mono: successfully reloaded assembly
- Completed reload, in  0.973 seconds
Platform modules already initialized, skipping
Refreshing native plugins compatible for Editor in 0.43 ms, found 2 plugins.
Preloading 0 native plugins for Editor in 0.00 ms.
Unloading 1824 Unused Serialized files (Serialized files now loaded: 0)
System memory in use before: 88.2 MB.
System memory in use after: 88.1 MB.

Unloading 22 unused Assets to reduce memory usage. Loaded Objects now: 2318.
Total: 4.423900 ms (FindLiveObjects: 0.409700 ms CreateObjectMapping: 0.196600 ms MarkObjects: 3.696200 ms  DeleteObjects: 0.118100 ms)

========================================================================
Received Prepare
Registering precompiled user dll's ...
Registered in 0.012988 seconds.
Begin MonoManager ReloadAssembly
Native extension for WindowsStandalone target not found
Refreshing native plugins compatible for Editor in 0.45 ms, found 2 plugins.
Preloading 0 native plugins for Editor in 0.00 ms.
Invoked RoslynAnalysisRunner static constructor.
RoslynAnalysisRunner will not be running.
RoslynAnalysisRunner has terminated.
Mono: successfully reloaded assembly
- Completed reload, in  0.984 seconds
Platform modules already initialized, skipping
Refreshing native plugins compatible for Editor in 0.72 ms, found 2 plugins.
Preloading 0 native plugins for Editor in 0.00 ms.
Unloading 1824 Unused Serialized files (Serialized files now loaded: 0)
System memory in use before: 88.2 MB.
System memory in use after: 88.2 MB.

Unloading 22 unused Assets to reduce memory usage. Loaded Objects now: 2322.
Total: 4.711900 ms (FindLiveObjects: 0.420700 ms CreateObjectMapping: 0.118800 ms MarkObjects: 3.948400 ms  DeleteObjects: 0.220500 ms)

========================================================================
Received Prepare
Registering precompiled user dll's ...
Registered in 0.015684 seconds.
Begin MonoManager ReloadAssembly
Native extension for WindowsStandalone target not found
Refreshing native plugins compatible for Editor in 0.44 ms, found 2 plugins.
Preloading 0 native plugins for Editor in 0.00 ms.
Invoked RoslynAnalysisRunner static constructor.
RoslynAnalysisRunner will not be running.
RoslynAnalysisRunner has terminated.
Mono: successfully reloaded assembly
- Completed reload, in  0.970 seconds
Platform modules already initialized, skipping
Refreshing native plugins compatible for Editor in 1.02 ms, found 2 plugins.
Preloading 0 native plugins for Editor in 0.00 ms.
Unloading 1824 Unused Serialized files (Serialized files now loaded: 0)
System memory in use before: 88.2 MB.
System memory in use after: 88.2 MB.

Unloading 22 unused Assets to reduce memory usage. Loaded Objects now: 2326.
Total: 4.290500 ms (FindLiveObjects: 0.403100 ms CreateObjectMapping: 0.156600 ms MarkObjects: 3.535200 ms  DeleteObjects: 0.193400 ms)

========================================================================
Received Prepare
Registering precompiled user dll's ...
Registered in 0.018218 seconds.
Begin MonoManager ReloadAssembly
Native extension for WindowsStandalone target not found
Refreshing native plugins compatible for Editor in 0.75 ms, found 2 plugins.
Preloading 0 native plugins for Editor in 0.00 ms.
Invoked RoslynAnalysisRunner static constructor.
RoslynAnalysisRunner will not be running.
RoslynAnalysisRunner has terminated.
Mono: successfully reloaded assembly
- Completed reload, in  1.120 seconds
Platform modules already initialized, skipping
Refreshing native plugins compatible for Editor in 1.97 ms, found 2 plugins.
Preloading 0 native plugins for Editor in 0.00 ms.
Unloading 1824 Unused Serialized files (Serialized files now loaded: 0)
System memory in use before: 88.2 MB.
System memory in use after: 88.2 MB.

Unloading 22 unused Assets to reduce memory usage. Loaded Objects now: 2330.
Total: 5.218900 ms (FindLiveObjects: 0.646200 ms CreateObjectMapping: 0.201600 ms MarkObjects: 4.186000 ms  DeleteObjects: 0.182000 ms)

========================================================================
Received Prepare
Registering precompiled user dll's ...
Registered in 0.015177 seconds.
Begin MonoManager ReloadAssembly
Native extension for WindowsStandalone target not found
Refreshing native plugins compatible for Editor in 0.48 ms, found 2 plugins.
Preloading 0 native plugins for Editor in 0.00 ms.
Invoked RoslynAnalysisRunner static constructor.
RoslynAnalysisRunner will not be running.
RoslynAnalysisRunner has terminated.
Mono: successfully reloaded assembly
- Completed reload, in  1.129 seconds
Platform modules already initialized, skipping
Refreshing native plugins compatible for Editor in 0.40 ms, found 2 plugins.
Preloading 0 native plugins for Editor in 0.00 ms.
Unloading 1824 Unused Serialized files (Serialized files now loaded: 0)
System memory in use before: 88.2 MB.
System memory in use after: 88.2 MB.

Unloading 22 unused Assets to reduce memory usage. Loaded Objects now: 2334.
Total: 3.965900 ms (FindLiveObjects: 0.320900 ms CreateObjectMapping: 0.116800 ms MarkObjects: 3.232300 ms  DeleteObjects: 0.292700 ms)

========================================================================
Received Prepare
Registering precompiled user dll's ...
Registered in 0.021767 seconds.
Begin MonoManager ReloadAssembly
Native extension for WindowsStandalone target not found
Refreshing native plugins compatible for Editor in 0.47 ms, found 2 plugins.
Preloading 0 native plugins for Editor in 0.00 ms.
Invoked RoslynAnalysisRunner static constructor.
RoslynAnalysisRunner will not be running.
RoslynAnalysisRunner has terminated.
Mono: successfully reloaded assembly
- Completed reload, in  1.202 seconds
Platform modules already initialized, skipping
Refreshing native plugins compatible for Editor in 0.80 ms, found 2 plugins.
Preloading 0 native plugins for Editor in 0.00 ms.
Unloading 1824 Unused Serialized files (Serialized files now loaded: 0)
System memory in use before: 88.2 MB.
System memory in use after: 88.2 MB.

Unloading 22 unused Assets to reduce memory usage. Loaded Objects now: 2338.
Total: 7.440700 ms (FindLiveObjects: 1.208000 ms CreateObjectMapping: 0.505000 ms MarkObjects: 5.409900 ms  DeleteObjects: 0.313300 ms)

========================================================================
Received Prepare
Registering precompiled user dll's ...
Registered in 0.016501 seconds.
Begin MonoManager ReloadAssembly
Native extension for WindowsStandalone target not found
Refreshing native plugins compatible for Editor in 1.15 ms, found 2 plugins.
Preloading 0 native plugins for Editor in 0.00 ms.
Invoked RoslynAnalysisRunner static constructor.
RoslynAnalysisRunner will not be running.
RoslynAnalysisRunner has terminated.
Mono: successfully reloaded assembly
- Completed reload, in  1.127 seconds
Platform modules already initialized, skipping
Refreshing native plugins compatible for Editor in 0.45 ms, found 2 plugins.
Preloading 0 native plugins for Editor in 0.00 ms.
Unloading 1824 Unused Serialized files (Serialized files now loaded: 0)
System memory in use before: 88.2 MB.
System memory in use after: 88.2 MB.

Unloading 22 unused Assets to reduce memory usage. Loaded Objects now: 2342.
Total: 1.945800 ms (FindLiveObjects: 0.202100 ms CreateObjectMapping: 0.054800 ms MarkObjects: 1.578900 ms  DeleteObjects: 0.108600 ms)

========================================================================
Received Prepare
Registering precompiled user dll's ...
Registered in 0.022154 seconds.
Begin MonoManager ReloadAssembly
Native extension for WindowsStandalone target not found
Refreshing native plugins compatible for Editor in 0.92 ms, found 2 plugins.
Preloading 0 native plugins for Editor in 0.00 ms.
Invoked RoslynAnalysisRunner static constructor.
RoslynAnalysisRunner will not be running.
RoslynAnalysisRunner has terminated.
Mono: successfully reloaded assembly
- Completed reload, in  1.239 seconds
Platform modules already initialized, skipping
Refreshing native plugins compatible for Editor in 0.43 ms, found 2 plugins.
Preloading 0 native plugins for Editor in 0.00 ms.
Unloading 1824 Unused Serialized files (Serialized files now loaded: 0)
System memory in use before: 88.2 MB.
System memory in use after: 88.2 MB.

Unloading 22 unused Assets to reduce memory usage. Loaded Objects now: 2346.
Total: 4.310000 ms (FindLiveObjects: 0.670000 ms CreateObjectMapping: 0.125000 ms MarkObjects: 3.391700 ms  DeleteObjects: 0.120600 ms)

========================================================================
Received Prepare
Registering precompiled user dll's ...
Registered in 0.034047 seconds.
Begin MonoManager ReloadAssembly
Native extension for WindowsStandalone target not found
Refreshing native plugins compatible for Editor in 0.52 ms, found 2 plugins.
Preloading 0 native plugins for Editor in 0.00 ms.
Invoked RoslynAnalysisRunner static constructor.
RoslynAnalysisRunner will not be running.
RoslynAnalysisRunner has terminated.
Mono: successfully reloaded assembly
- Completed reload, in  1.743 seconds
Platform modules already initialized, skipping
Refreshing native plugins compatible for Editor in 1.20 ms, found 2 plugins.
Preloading 0 native plugins for Editor in 0.00 ms.
Unloading 1824 Unused Serialized files (Serialized files now loaded: 0)
System memory in use before: 88.2 MB.
System memory in use after: 88.2 MB.

Unloading 22 unused Assets to reduce memory usage. Loaded Objects now: 2350.
Total: 7.434200 ms (FindLiveObjects: 1.404300 ms CreateObjectMapping: 0.495200 ms MarkObjects: 5.062300 ms  DeleteObjects: 0.467900 ms)

========================================================================
Received Prepare
Registering precompiled user dll's ...
Registered in 0.023773 seconds.
Begin MonoManager ReloadAssembly
Native extension for WindowsStandalone target not found
Refreshing native plugins compatible for Editor in 0.40 ms, found 2 plugins.
Preloading 0 native plugins for Editor in 0.00 ms.
Invoked RoslynAnalysisRunner static constructor.
RoslynAnalysisRunner will not be running.
RoslynAnalysisRunner has terminated.
Mono: successfully reloaded assembly
- Completed reload, in  1.310 seconds
Platform modules already initialized, skipping
Refreshing native plugins compatible for Editor in 0.91 ms, found 2 plugins.
Preloading 0 native plugins for Editor in 0.00 ms.
Unloading 1824 Unused Serialized files (Serialized files now loaded: 0)
System memory in use before: 88.2 MB.
System memory in use after: 88.2 MB.

Unloading 22 unused Assets to reduce memory usage. Loaded Objects now: 2354.
Total: 5.308900 ms (FindLiveObjects: 1.407700 ms CreateObjectMapping: 0.292800 ms MarkObjects: 3.333600 ms  DeleteObjects: 0.269500 ms)

========================================================================
Received Prepare
Registering precompiled user dll's ...
Registered in 0.033387 seconds.
Begin MonoManager ReloadAssembly
Native extension for WindowsStandalone target not found
Refreshing native plugins compatible for Editor in 1.25 ms, found 2 plugins.
Preloading 0 native plugins for Editor in 0.00 ms.
Invoked RoslynAnalysisRunner static constructor.
RoslynAnalysisRunner will not be running.
RoslynAnalysisRunner has terminated.
Mono: successfully reloaded assembly
- Completed reload, in  1.549 seconds
Platform modules already initialized, skipping
Refreshing native plugins compatible for Editor in 0.50 ms, found 2 plugins.
Preloading 0 native plugins for Editor in 0.00 ms.
Unloading 1824 Unused Serialized files (Serialized files now loaded: 0)
System memory in use before: 88.2 MB.
System memory in use after: 88.2 MB.

Unloading 22 unused Assets to reduce memory usage. Loaded Objects now: 2358.
Total: 9.379400 ms (FindLiveObjects: 1.236300 ms CreateObjectMapping: 0.574000 ms MarkObjects: 6.940500 ms  DeleteObjects: 0.619100 ms)

========================================================================
Received Prepare
Registering precompiled user dll's ...
Registered in 0.031898 seconds.
Begin MonoManager ReloadAssembly
Native extension for WindowsStandalone target not found
Refreshing native plugins compatible for Editor in 1.03 ms, found 2 plugins.
Preloading 0 native plugins for Editor in 0.00 ms.
Invoked RoslynAnalysisRunner static constructor.
RoslynAnalysisRunner will not be running.
RoslynAnalysisRunner has terminated.
Mono: successfully reloaded assembly
- Completed reload, in  1.785 seconds
Platform modules already initialized, skipping
Refreshing native plugins compatible for Editor in 0.45 ms, found 2 plugins.
Preloading 0 native plugins for Editor in 0.00 ms.
Unloading 1824 Unused Serialized files (Serialized files now loaded: 0)
System memory in use before: 88.3 MB.
System memory in use after: 88.2 MB.

Unloading 22 unused Assets to reduce memory usage. Loaded Objects now: 2362.
Total: 2.550200 ms (FindLiveObjects: 0.329800 ms CreateObjectMapping: 0.084900 ms MarkObjects: 2.009300 ms  DeleteObjects: 0.124700 ms)

========================================================================
Received Prepare
Registering precompiled user dll's ...
Registered in 0.066741 seconds.
Begin MonoManager ReloadAssembly
Native extension for WindowsStandalone target not found
Refreshing native plugins compatible for Editor in 1.02 ms, found 2 plugins.
Preloading 0 native plugins for Editor in 0.00 ms.
Invoked RoslynAnalysisRunner static constructor.
RoslynAnalysisRunner will not be running.
RoslynAnalysisRunner has terminated.
Mono: successfully reloaded assembly
- Completed reload, in  2.051 seconds
Platform modules already initialized, skipping
Refreshing native plugins compatible for Editor in 2.51 ms, found 2 plugins.
Preloading 0 native plugins for Editor in 0.00 ms.
Unloading 1824 Unused Serialized files (Serialized files now loaded: 0)
System memory in use before: 88.3 MB.
System memory in use after: 88.3 MB.

Unloading 22 unused Assets to reduce memory usage. Loaded Objects now: 2366.
Total: 10.720600 ms (FindLiveObjects: 1.884900 ms CreateObjectMapping: 1.046400 ms MarkObjects: 7.441700 ms  DeleteObjects: 0.339100 ms)

========================================================================
Received Prepare
Registering precompiled user dll's ...
Registered in 0.024614 seconds.
Begin MonoManager ReloadAssembly
Native extension for WindowsStandalone target not found
Refreshing native plugins compatible for Editor in 0.48 ms, found 2 plugins.
Preloading 0 native plugins for Editor in 0.00 ms.
Invoked RoslynAnalysisRunner static constructor.
RoslynAnalysisRunner will not be running.
RoslynAnalysisRunner has terminated.
Mono: successfully reloaded assembly
- Completed reload, in  1.400 seconds
Platform modules already initialized, skipping
Refreshing native plugins compatible for Editor in 0.45 ms, found 2 plugins.
Preloading 0 native plugins for Editor in 0.00 ms.
Unloading 1824 Unused Serialized files (Serialized files now loaded: 0)
System memory in use before: 88.3 MB.
System memory in use after: 88.3 MB.

Unloading 22 unused Assets to reduce memory usage. Loaded Objects now: 2370.
Total: 5.966800 ms (FindLiveObjects: 1.361400 ms CreateObjectMapping: 1.096000 ms MarkObjects: 3.371000 ms  DeleteObjects: 0.132000 ms)

========================================================================
Received Prepare
Registering precompiled user dll's ...
Registered in 0.025473 seconds.
Begin MonoManager ReloadAssembly
Native extension for WindowsStandalone target not found
Refreshing native plugins compatible for Editor in 0.47 ms, found 2 plugins.
Preloading 0 native plugins for Editor in 0.00 ms.
Invoked RoslynAnalysisRunner static constructor.
RoslynAnalysisRunner will not be running.
RoslynAnalysisRunner has terminated.
Mono: successfully reloaded assembly
- Completed reload, in  1.484 seconds
Platform modules already initialized, skipping
Refreshing native plugins compatible for Editor in 0.45 ms, found 2 plugins.
Preloading 0 native plugins for Editor in 0.00 ms.
Unloading 1824 Unused Serialized files (Serialized files now loaded: 0)
System memory in use before: 88.3 MB.
System memory in use after: 88.3 MB.

Unloading 22 unused Assets to reduce memory usage. Loaded Objects now: 2374.
Total: 3.660500 ms (FindLiveObjects: 0.346900 ms CreateObjectMapping: 0.124600 ms MarkObjects: 3.042500 ms  DeleteObjects: 0.144500 ms)

========================================================================
Received Prepare
Registering precompiled user dll's ...
Registered in 0.057022 seconds.
Begin MonoManager ReloadAssembly
Native extension for WindowsStandalone target not found
Refreshing native plugins compatible for Editor in 0.60 ms, found 2 plugins.
Preloading 0 native plugins for Editor in 0.00 ms.
Invoked RoslynAnalysisRunner static constructor.
RoslynAnalysisRunner will not be running.
RoslynAnalysisRunner has terminated.
Mono: successfully reloaded assembly
- Completed reload, in  1.510 seconds
Platform modules already initialized, skipping
Refreshing native plugins compatible for Editor in 0.99 ms, found 2 plugins.
Preloading 0 native plugins for Editor in 0.00 ms.
Unloading 1824 Unused Serialized files (Serialized files now loaded: 0)
System memory in use before: 88.3 MB.
System memory in use after: 88.3 MB.

Unloading 22 unused Assets to reduce memory usage. Loaded Objects now: 2378.
Total: 7.060100 ms (FindLiveObjects: 1.133200 ms CreateObjectMapping: 0.445500 ms MarkObjects: 5.348100 ms  DeleteObjects: 0.128100 ms)

========================================================================
Received Prepare
Registering precompiled user dll's ...
Registered in 0.060960 seconds.
Begin MonoManager ReloadAssembly
Native extension for WindowsStandalone target not found
Refreshing native plugins compatible for Editor in 1.34 ms, found 2 plugins.
Preloading 0 native plugins for Editor in 0.00 ms.
Invoked RoslynAnalysisRunner static constructor.
RoslynAnalysisRunner will not be running.
RoslynAnalysisRunner has terminated.
Mono: successfully reloaded assembly
- Completed reload, in  1.473 seconds
Platform modules already initialized, skipping
Refreshing native plugins compatible for Editor in 0.49 ms, found 2 plugins.
Preloading 0 native plugins for Editor in 0.00 ms.
Unloading 1824 Unused Serialized files (Serialized files now loaded: 0)
System memory in use before: 88.3 MB.
System memory in use after: 88.3 MB.

Unloading 22 unused Assets to reduce memory usage. Loaded Objects now: 2382.
Total: 7.842600 ms (FindLiveObjects: 0.856500 ms CreateObjectMapping: 0.482500 ms MarkObjects: 6.193300 ms  DeleteObjects: 0.305500 ms)

========================================================================
Received Prepare
Registering precompiled user dll's ...
Registered in 0.079188 seconds.
Begin MonoManager ReloadAssembly
Native extension for WindowsStandalone target not found
Refreshing native plugins compatible for Editor in 1.39 ms, found 2 plugins.
Preloading 0 native plugins for Editor in 0.00 ms.
Invoked RoslynAnalysisRunner static constructor.
RoslynAnalysisRunner will not be running.
RoslynAnalysisRunner has terminated.
Mono: successfully reloaded assembly
- Completed reload, in  2.032 seconds
Platform modules already initialized, skipping
Refreshing native plugins compatible for Editor in 1.98 ms, found 2 plugins.
Preloading 0 native plugins for Editor in 0.00 ms.
Unloading 1824 Unused Serialized files (Serialized files now loaded: 0)
System memory in use before: 88.3 MB.
System memory in use after: 88.3 MB.

Unloading 22 unused Assets to reduce memory usage. Loaded Objects now: 2386.
Total: 9.401300 ms (FindLiveObjects: 1.926800 ms CreateObjectMapping: 0.717400 ms MarkObjects: 6.447700 ms  DeleteObjects: 0.303100 ms)

========================================================================
Received Prepare
Registering precompiled user dll's ...
Registered in 0.072341 seconds.
Begin MonoManager ReloadAssembly
Native extension for WindowsStandalone target not found
Refreshing native plugins compatible for Editor in 0.68 ms, found 2 plugins.
Preloading 0 native plugins for Editor in 0.00 ms.
Invoked RoslynAnalysisRunner static constructor.
RoslynAnalysisRunner will not be running.
RoslynAnalysisRunner has terminated.
Mono: successfully reloaded assembly
- Completed reload, in  2.306 seconds
Platform modules already initialized, skipping
Refreshing native plugins compatible for Editor in 1.16 ms, found 2 plugins.
Preloading 0 native plugins for Editor in 0.00 ms.
Unloading 1824 Unused Serialized files (Serialized files now loaded: 0)
System memory in use before: 88.3 MB.
System memory in use after: 88.3 MB.

Unloading 22 unused Assets to reduce memory usage. Loaded Objects now: 2390.
Total: 6.775400 ms (FindLiveObjects: 1.201400 ms CreateObjectMapping: 1.071800 ms MarkObjects: 4.352200 ms  DeleteObjects: 0.145900 ms)

========================================================================
Received Prepare
Registering precompiled user dll's ...
Registered in 0.031033 seconds.
Begin MonoManager ReloadAssembly
Native extension for WindowsStandalone target not found
Refreshing native plugins compatible for Editor in 0.55 ms, found 2 plugins.
Preloading 0 native plugins for Editor in 0.00 ms.
Invoked RoslynAnalysisRunner static constructor.
RoslynAnalysisRunner will not be running.
RoslynAnalysisRunner has terminated.
Mono: successfully reloaded assembly
- Completed reload, in  1.390 seconds
Platform modules already initialized, skipping
Refreshing native plugins compatible for Editor in 0.90 ms, found 2 plugins.
Preloading 0 native plugins for Editor in 0.00 ms.
Unloading 1824 Unused Serialized files (Serialized files now loaded: 0)
System memory in use before: 88.3 MB.
System memory in use after: 88.3 MB.

Unloading 22 unused Assets to reduce memory usage. Loaded Objects now: 2394.
Total: 7.787500 ms (FindLiveObjects: 0.992900 ms CreateObjectMapping: 0.290400 ms MarkObjects: 6.097600 ms  DeleteObjects: 0.402000 ms)

========================================================================
Received Prepare
Refreshing native plugins compatible for Editor in 26.07 ms, found 2 plugins.
Preloading 0 native plugins for Editor in 0.00 ms.
Unloading 20 Unused Serialized files (Serialized files now loaded: 0)
System memory in use before: 52.7 MB.
System memory in use after: 52.7 MB.

Unloading 20 unused Assets to reduce memory usage. Loaded Objects now: 2394.
Total: 6.744100 ms (FindLiveObjects: 0.894900 ms CreateObjectMapping: 0.662500 ms MarkObjects: 5.046500 ms  DeleteObjects: 0.136200 ms)

========================================================================
Received Prepare
Registering precompiled user dll's ...
Registered in 0.033710 seconds.
Begin MonoManager ReloadAssembly
Native extension for WindowsStandalone target not found
Refreshing native plugins compatible for Editor in 0.51 ms, found 2 plugins.
Preloading 0 native plugins for Editor in 0.00 ms.
Invoked RoslynAnalysisRunner static constructor.
RoslynAnalysisRunner will not be running.
RoslynAnalysisRunner has terminated.
Mono: successfully reloaded assembly
- Completed reload, in  1.771 seconds
Platform modules already initialized, skipping
Refreshing native plugins compatible for Editor in 1.48 ms, found 2 plugins.
Preloading 0 native plugins for Editor in 0.00 ms.
Unloading 1824 Unused Serialized files (Serialized files now loaded: 0)
System memory in use before: 88.3 MB.
System memory in use after: 88.3 MB.

Unloading 22 unused Assets to reduce memory usage. Loaded Objects now: 2398.
Total: 7.387900 ms (FindLiveObjects: 0.584100 ms CreateObjectMapping: 0.219000 ms MarkObjects: 6.112500 ms  DeleteObjects: 0.465800 ms)

========================================================================
Received Prepare
Refreshing native plugins compatible for Editor in 34.29 ms, found 2 plugins.
Preloading 0 native plugins for Editor in 0.00 ms.
Unloading 20 Unused Serialized files (Serialized files now loaded: 0)
System memory in use before: 52.7 MB.
System memory in use after: 52.7 MB.

Unloading 20 unused Assets to reduce memory usage. Loaded Objects now: 2398.
Total: 6.361800 ms (FindLiveObjects: 0.517000 ms CreateObjectMapping: 0.416500 ms MarkObjects: 5.274900 ms  DeleteObjects: 0.151200 ms)

========================================================================
Received Prepare
Refreshing native plugins compatible for Editor in 11.63 ms, found 2 plugins.
Preloading 0 native plugins for Editor in 0.00 ms.
Unloading 20 Unused Serialized files (Serialized files now loaded: 0)
System memory in use before: 52.7 MB.
System memory in use after: 52.7 MB.

Unloading 20 unused Assets to reduce memory usage. Loaded Objects now: 2398.
Total: 2.493100 ms (FindLiveObjects: 0.464500 ms CreateObjectMapping: 0.104100 ms MarkObjects: 1.798000 ms  DeleteObjects: 0.122500 ms)

========================================================================
Received Prepare
Registering precompiled user dll's ...
Registered in 0.040283 seconds.
Begin MonoManager ReloadAssembly
Native extension for WindowsStandalone target not found
Refreshing native plugins compatible for Editor in 0.58 ms, found 2 plugins.
Preloading 0 native plugins for Editor in 0.00 ms.
Invoked RoslynAnalysisRunner static constructor.
RoslynAnalysisRunner will not be running.
RoslynAnalysisRunner has terminated.
Mono: successfully reloaded assembly
- Completed reload, in  2.189 seconds
Platform modules already initialized, skipping
Refreshing native plugins compatible for Editor in 1.43 ms, found 2 plugins.
Preloading 0 native plugins for Editor in 0.00 ms.
Unloading 1824 Unused Serialized files (Serialized files now loaded: 0)
System memory in use before: 88.3 MB.
System memory in use after: 88.3 MB.

Unloading 22 unused Assets to reduce memory usage. Loaded Objects now: 2402.
Total: 3.446100 ms (FindLiveObjects: 0.623000 ms CreateObjectMapping: 0.174500 ms MarkObjects: 2.445300 ms  DeleteObjects: 0.199900 ms)

========================================================================
Received Prepare
Refreshing native plugins compatible for Editor in 43.10 ms, found 2 plugins.
Preloading 0 native plugins for Editor in 0.00 ms.
Unloading 20 Unused Serialized files (Serialized files now loaded: 0)
System memory in use before: 52.7 MB.
System memory in use after: 52.7 MB.

Unloading 20 unused Assets to reduce memory usage. Loaded Objects now: 2402.
Total: 9.222200 ms (FindLiveObjects: 1.989700 ms CreateObjectMapping: 0.822700 ms MarkObjects: 6.084600 ms  DeleteObjects: 0.320900 ms)

